  main.cpp
E:\projects\System-programming\course\Task_manager-WinApi--master\v4\main.cpp(12,1): warning C4005: WINVER: изменение макроопределения
C:\Program Files (x86)\Windows Kits\10\Include\10.0.22000.0\shared\sdkddkver.h(244,1): message : см. предыдущее определение "WINVER"
E:\projects\System-programming\course\Task_manager-WinApi--master\v4\main.cpp(61,15): warning C4244: return: преобразование "WPARAM" в "int", возможна потеря данных
E:\projects\System-programming\course\Task_manager-WinApi--master\v4\main.cpp(166,33): warning C4244: =: преобразование "LRESULT" в "int", возможна потеря данных
E:\projects\System-programming\course\Task_manager-WinApi--master\v4\main.cpp(187,32): warning C4244: =: преобразование "LRESULT" в "int", возможна потеря данных
E:\projects\System-programming\course\Task_manager-WinApi--master\v4\main.cpp(196,28): warning C4244: =: преобразование "LRESULT" в "int", возможна потеря данных
E:\projects\System-programming\course\Task_manager-WinApi--master\v4\main.cpp(204,33): warning C4244: =: преобразование "LRESULT" в "int", возможна потеря данных
E:\projects\System-programming\course\Task_manager-WinApi--master\v4\main.cpp(219,28): warning C4244: =: преобразование "LRESULT" в "int", возможна потеря данных
E:\projects\System-programming\course\Task_manager-WinApi--master\v4\main.cpp(222,28): warning C4244: =: преобразование "LRESULT" в "int", возможна потеря данных
E:\projects\System-programming\course\Task_manager-WinApi--master\v4\main.cpp(247,33): warning C4244: =: преобразование "LRESULT" в "int", возможна потеря данных
E:\projects\System-programming\course\Task_manager-WinApi--master\v4\main.cpp(263,28): warning C4244: =: преобразование "LRESULT" в "int", возможна потеря данных
E:\projects\System-programming\course\Task_manager-WinApi--master\v4\main.cpp(280,33): warning C4244: =: преобразование "LRESULT" в "int", возможна потеря данных
E:\projects\System-programming\course\Task_manager-WinApi--master\v4\main.cpp(303,28): warning C4244: =: преобразование "LRESULT" в "int", возможна потеря данных
E:\projects\System-programming\course\Task_manager-WinApi--master\v4\main.cpp(317,33): warning C4244: =: преобразование "LRESULT" в "int", возможна потеря данных
E:\projects\System-programming\course\Task_manager-WinApi--master\v4\main.cpp(81,28): warning C4101: buf3: неиспользованная локальная переменная
E:\projects\System-programming\course\Task_manager-WinApi--master\v4\main.cpp(81,10): warning C4101: buf1: неиспользованная локальная переменная
E:\projects\System-programming\course\Task_manager-WinApi--master\v4\main.cpp(78,12): warning C4101: hBrush: неиспользованная локальная переменная
E:\projects\System-programming\course\Task_manager-WinApi--master\v4\main.cpp(82,13): warning C4101: kY: неиспользованная локальная переменная
E:\projects\System-programming\course\Task_manager-WinApi--master\v4\main.cpp(80,9): warning C4101: list_num: неиспользованная локальная переменная
E:\projects\System-programming\course\Task_manager-WinApi--master\v4\main.cpp(79,10): warning C4101: chBuff: неиспользованная локальная переменная
E:\projects\System-programming\course\Task_manager-WinApi--master\v4\main.cpp(82,9): warning C4101: kX: неиспользованная локальная переменная
E:\projects\System-programming\course\Task_manager-WinApi--master\v4\main.cpp(81,19): warning C4101: buf2: неиспользованная локальная переменная
E:\projects\System-programming\course\Task_manager-WinApi--master\v4\main.cpp(86,10): warning C4101: rect: неиспользованная локальная переменная
E:\projects\System-programming\course\Task_manager-WinApi--master\v4\main.cpp(402,52): warning C4311: приведение типов: усечение указателя из "LPSTR" в "DWORD"
E:\projects\System-programming\course\Task_manager-WinApi--master\v4\main.cpp(402,52): warning C4302: приведение типов: усечение из "LPSTR" к "DWORD"
E:\projects\System-programming\course\Task_manager-WinApi--master\v4\main.cpp(402,28): warning C4244: =: преобразование "LRESULT" в "int", возможна потеря данных
E:\projects\System-programming\course\Task_manager-WinApi--master\v4\main.cpp(413,20): warning C4244: =: преобразование "LRESULT" в "int", возможна потеря данных
E:\projects\System-programming\course\Task_manager-WinApi--master\v4\main.cpp(418,40): warning C4312: приведение типов: преобразование из "errno_t" в "LPCTSTR" большего размера
E:\projects\System-programming\course\Task_manager-WinApi--master\v4\main.cpp(434,44): warning C4311: приведение типов: усечение указателя из "LPSTR" в "DWORD"
E:\projects\System-programming\course\Task_manager-WinApi--master\v4\main.cpp(434,44): warning C4302: приведение типов: усечение из "LPSTR" к "DWORD"
E:\projects\System-programming\course\Task_manager-WinApi--master\v4\main.cpp(434,20): warning C4244: =: преобразование "LRESULT" в "int", возможна потеря данных
E:\projects\System-programming\course\Task_manager-WinApi--master\v4\main.cpp(437,44): warning C4311: приведение типов: усечение указателя из "LPSTR" в "DWORD"
E:\projects\System-programming\course\Task_manager-WinApi--master\v4\main.cpp(437,44): warning C4302: приведение типов: усечение из "LPSTR" к "DWORD"
E:\projects\System-programming\course\Task_manager-WinApi--master\v4\main.cpp(437,20): warning C4244: =: преобразование "LRESULT" в "int", возможна потеря данных
E:\projects\System-programming\course\Task_manager-WinApi--master\v4\main.cpp(440,44): warning C4311: приведение типов: усечение указателя из "LPSTR" в "DWORD"
E:\projects\System-programming\course\Task_manager-WinApi--master\v4\main.cpp(440,44): warning C4302: приведение типов: усечение из "LPSTR" к "DWORD"
E:\projects\System-programming\course\Task_manager-WinApi--master\v4\main.cpp(440,20): warning C4244: =: преобразование "LRESULT" в "int", возможна потеря данных
E:\projects\System-programming\course\Task_manager-WinApi--master\v4\main.cpp(443,44): warning C4311: приведение типов: усечение указателя из "LPSTR" в "DWORD"
E:\projects\System-programming\course\Task_manager-WinApi--master\v4\main.cpp(443,44): warning C4302: приведение типов: усечение из "LPSTR" к "DWORD"
E:\projects\System-programming\course\Task_manager-WinApi--master\v4\main.cpp(443,20): warning C4244: =: преобразование "LRESULT" в "int", возможна потеря данных
E:\projects\System-programming\course\Task_manager-WinApi--master\v4\main.cpp(519,11): error C2039: "Eip": не является членом "_CONTEXT".
C:\Program Files (x86)\Windows Kits\10\Include\10.0.22000.0\um\winnt.h(4203,54): message : см. объявление "_CONTEXT"
E:\projects\System-programming\course\Task_manager-WinApi--master\v4\main.cpp(665,29): warning C4477: "swprintf_s": в строке форматирования "%s" требуется аргумент типа "wchar_t *", но вариативный аргумент "1" имеет тип "char *"
E:\projects\System-programming\course\Task_manager-WinApi--master\v4\main.cpp(665,29): message : рекомендуется использовать "%hs" в строке форматирования
E:\projects\System-programming\course\Task_manager-WinApi--master\v4\main.cpp(665,29): message : рекомендуется использовать "%Ts" в строке форматирования
E:\projects\System-programming\course\Task_manager-WinApi--master\v4\main.cpp(665,29): message : это предупреждение основано на нестандартной семантике, используемой Visual C++
E:\projects\System-programming\course\Task_manager-WinApi--master\v4\main.cpp(668,29): warning C4477: "swprintf_s": в строке форматирования "%s" требуется аргумент типа "wchar_t *", но вариативный аргумент "1" имеет тип "char *"
E:\projects\System-programming\course\Task_manager-WinApi--master\v4\main.cpp(668,29): message : рекомендуется использовать "%hs" в строке форматирования
E:\projects\System-programming\course\Task_manager-WinApi--master\v4\main.cpp(668,29): message : рекомендуется использовать "%Ts" в строке форматирования
E:\projects\System-programming\course\Task_manager-WinApi--master\v4\main.cpp(668,29): message : это предупреждение основано на нестандартной семантике, используемой Visual C++
  v4.cpp
E:\projects\System-programming\course\Task_manager-WinApi--master\v4\v4.cpp(61,20): warning C4244: =: преобразование "LRESULT" в "int", возможна потеря данных
E:\projects\System-programming\course\Task_manager-WinApi--master\v4\v4.cpp(103,9): error C2664: "BOOL GetProcessWorkingSetSize(HANDLE,PSIZE_T,PSIZE_T)": невозможно преобразовать аргумент 2 из "DWORD *" в "PSIZE_T"
E:\projects\System-programming\course\Task_manager-WinApi--master\v4\v4.cpp(103,37): message : Типы, на которые указывают указатели, не связаны; для преобразования требуется reinterpret_cast, приведение в стиле С или приведение в стиле функции в круглых скобках
C:\Program Files (x86)\Windows Kits\10\Include\10.0.22000.0\um\memoryapi.h(299,1): message : см. объявление "GetProcessWorkingSetSize"
E:\projects\System-programming\course\Task_manager-WinApi--master\v4\v4.cpp(103,9): message : при попытке сопоставить список аргументов "(HANDLE, DWORD *, DWORD *)"
