  main.cpp
E:\projects\System-programming\course\Task_manager-WinApi--master\v2\main.cpp(46,24): error C2065: IDC_LIST1: необъявленный идентификатор
E:\projects\System-programming\course\Task_manager-WinApi--master\v2\main.cpp(47,23): error C2065: IDC_EDIT2: необъявленный идентификатор
E:\projects\System-programming\course\Task_manager-WinApi--master\v2\main.cpp(67,3): error C2065: wstring: необъявленный идентификатор
E:\projects\System-programming\course\Task_manager-WinApi--master\v2\main.cpp(67,11): error C2146: синтаксическая ошибка: отсутствие ";" перед идентификатором "processInfo"
E:\projects\System-programming\course\Task_manager-WinApi--master\v2\main.cpp(67,11): error C2065: processInfo: необъявленный идентификатор
E:\projects\System-programming\course\Task_manager-WinApi--master\v2\main.cpp(67,37): error C3861: wstring: идентификатор не найден
E:\projects\System-programming\course\Task_manager-WinApi--master\v2\main.cpp(67,80): error C3861: to_wstring: идентификатор не найден
E:\projects\System-programming\course\Task_manager-WinApi--master\v2\main.cpp(73,4): error C2065: processInfo: необъявленный идентификатор
E:\projects\System-programming\course\Task_manager-WinApi--master\v2\main.cpp(73,42): error C3861: to_wstring: идентификатор не найден
E:\projects\System-programming\course\Task_manager-WinApi--master\v2\main.cpp(76,58): error C2065: processInfo: необъявленный идентификатор
E:\projects\System-programming\course\Task_manager-WinApi--master\v2\main.cpp(93,7): error C2065: IDC_BUTTON1: необъявленный идентификатор
E:\projects\System-programming\course\Task_manager-WinApi--master\v2\main.cpp(93,7): error C2131: выражение не определяется константой
E:\projects\System-programming\course\Task_manager-WinApi--master\v2\main.cpp(93,7): message : обнаружено неконстантное (под)выражение
E:\projects\System-programming\course\Task_manager-WinApi--master\v2\main.cpp(96,7): error C2065: IDC_BUTTON2: необъявленный идентификатор
E:\projects\System-programming\course\Task_manager-WinApi--master\v2\main.cpp(96,7): error C2131: выражение не определяется константой
E:\projects\System-programming\course\Task_manager-WinApi--master\v2\main.cpp(96,7): message : обнаружено неконстантное (под)выражение
E:\projects\System-programming\course\Task_manager-WinApi--master\v2\main.cpp(105,7): error C2065: IDC_BUTTON3: необъявленный идентификатор
E:\projects\System-programming\course\Task_manager-WinApi--master\v2\main.cpp(105,7): error C2131: выражение не определяется константой
E:\projects\System-programming\course\Task_manager-WinApi--master\v2\main.cpp(105,7): message : обнаружено неконстантное (под)выражение
E:\projects\System-programming\course\Task_manager-WinApi--master\v2\main.cpp(93,2): error C2051: значение выражения для варианта выбора не является константой
E:\projects\System-programming\course\Task_manager-WinApi--master\v2\main.cpp(96,2): error C2051: значение выражения для варианта выбора не является константой
E:\projects\System-programming\course\Task_manager-WinApi--master\v2\main.cpp(105,2): error C2051: значение выражения для варианта выбора не является константой
E:\projects\System-programming\course\Task_manager-WinApi--master\v2\main.cpp(115,2): warning C4060: оператор switch не содержит метку "case" или "default"
E:\projects\System-programming\course\Task_manager-WinApi--master\v2\main.cpp(121,9): error C2065: IDD_DIALOG1: необъявленный идентификатор
