d:\wps\сп\lab3\math\x64\debug\mathdll.pch
d:\wps\сп\lab3\math\x64\debug\vc143.pdb
d:\wps\сп\lab3\math\x64\debug\vc143.idb
d:\wps\сп\lab3\math\x64\debug\pch.obj
d:\wps\сп\lab3\math\x64\debug\mathdll.obj
d:\wps\сп\lab3\x64\debug\mathdll.lib
d:\wps\сп\lab3\x64\debug\mathdll.exp
d:\wps\сп\lab3\math\x64\debug\mathdll.ilk
d:\wps\сп\lab3\x64\debug\mathdll.dll
d:\wps\сп\lab3\x64\debug\mathdll.pdb
d:\wps\сп\lab3\math\x64\debug\math.obj
d:\wps\сп\lab3\math\x64\debug\math.ilk
d:\wps\сп\lab3\math\x64\debug\math.pch
d:\wps\сп\lab3\math\x64\debug\mathdll.tlog\cl.command.1.tlog
d:\wps\сп\lab3\math\x64\debug\mathdll.tlog\cl.items.tlog
d:\wps\сп\lab3\math\x64\debug\mathdll.tlog\cl.read.1.tlog
d:\wps\сп\lab3\math\x64\debug\mathdll.tlog\cl.write.1.tlog
d:\wps\сп\lab3\math\x64\debug\mathdll.tlog\link.command.1.tlog
d:\wps\сп\lab3\math\x64\debug\mathdll.tlog\link.read.1.tlog
d:\wps\сп\lab3\math\x64\debug\mathdll.tlog\link.write.1.tlog
d:\wps\сп\lab3\math\x64\debug\mathdll.tlog\link.write.2u.tlog
